

Started GET "/users" for 127.0.0.1 at 2014-09-29 13:29:55 +0100

ActionController::RoutingError (No route matches [GET] "/users"):
  actionpack (4.1.1) lib/action_dispatch/middleware/debug_exceptions.rb:21:in `call'
  actionpack (4.1.1) lib/action_dispatch/middleware/show_exceptions.rb:30:in `call'
  railties (4.1.1) lib/rails/rack/logger.rb:38:in `call_app'
  railties (4.1.1) lib/rails/rack/logger.rb:20:in `block in call'
  activesupport (4.1.1) lib/active_support/tagged_logging.rb:68:in `block in tagged'
  activesupport (4.1.1) lib/active_support/tagged_logging.rb:26:in `tagged'
  activesupport (4.1.1) lib/active_support/tagged_logging.rb:68:in `tagged'
  railties (4.1.1) lib/rails/rack/logger.rb:20:in `call'
  actionpack (4.1.1) lib/action_dispatch/middleware/request_id.rb:21:in `call'
  rack (1.5.2) lib/rack/methodoverride.rb:21:in `call'
  rack (1.5.2) lib/rack/runtime.rb:17:in `call'
  activesupport (4.1.1) lib/active_support/cache/strategy/local_cache_middleware.rb:26:in `call'
  rack (1.5.2) lib/rack/lock.rb:17:in `call'
  actionpack (4.1.1) lib/action_dispatch/middleware/static.rb:64:in `call'
  rack (1.5.2) lib/rack/sendfile.rb:112:in `call'
  railties (4.1.1) lib/rails/engine.rb:514:in `call'
  railties (4.1.1) lib/rails/application.rb:144:in `call'
  rack (1.5.2) lib/rack/lock.rb:17:in `call'
  rack (1.5.2) lib/rack/content_length.rb:14:in `call'
  rack (1.5.2) lib/rack/handler/webrick.rb:60:in `service'
  D:/RailsInstaller/Ruby1.9.3/lib/ruby/1.9.1/webrick/httpserver.rb:138:in `service'
  D:/RailsInstaller/Ruby1.9.3/lib/ruby/1.9.1/webrick/httpserver.rb:94:in `run'
  D:/RailsInstaller/Ruby1.9.3/lib/ruby/1.9.1/webrick/server.rb:191:in `block in start_thread'


  Rendered D:/RailsInstaller/Ruby1.9.3/lib/ruby/gems/1.9.1/gems/actionpack-4.1.1/lib/action_dispatch/middleware/templates/rescues/_trace.html.erb (2.0ms)
  Rendered D:/RailsInstaller/Ruby1.9.3/lib/ruby/gems/1.9.1/gems/actionpack-4.1.1/lib/action_dispatch/middleware/templates/routes/_table.html.erb (93.1ms)
  Rendered D:/RailsInstaller/Ruby1.9.3/lib/ruby/gems/1.9.1/gems/actionpack-4.1.1/lib/action_dispatch/middleware/templates/rescues/routing_error.html.erb within rescues/layout (159.1ms)


Started GET "/help" for 127.0.0.1 at 2014-09-29 13:29:59 +0100

ActionController::RoutingError (No route matches [GET] "/help"):
  actionpack (4.1.1) lib/action_dispatch/middleware/debug_exceptions.rb:21:in `call'
  actionpack (4.1.1) lib/action_dispatch/middleware/show_exceptions.rb:30:in `call'
  railties (4.1.1) lib/rails/rack/logger.rb:38:in `call_app'
  railties (4.1.1) lib/rails/rack/logger.rb:20:in `block in call'
  activesupport (4.1.1) lib/active_support/tagged_logging.rb:68:in `block in tagged'
  activesupport (4.1.1) lib/active_support/tagged_logging.rb:26:in `tagged'
  activesupport (4.1.1) lib/active_support/tagged_logging.rb:68:in `tagged'
  railties (4.1.1) lib/rails/rack/logger.rb:20:in `call'
  actionpack (4.1.1) lib/action_dispatch/middleware/request_id.rb:21:in `call'
  rack (1.5.2) lib/rack/methodoverride.rb:21:in `call'
  rack (1.5.2) lib/rack/runtime.rb:17:in `call'
  activesupport (4.1.1) lib/active_support/cache/strategy/local_cache_middleware.rb:26:in `call'
  rack (1.5.2) lib/rack/lock.rb:17:in `call'
  actionpack (4.1.1) lib/action_dispatch/middleware/static.rb:64:in `call'
  rack (1.5.2) lib/rack/sendfile.rb:112:in `call'
  railties (4.1.1) lib/rails/engine.rb:514:in `call'
  railties (4.1.1) lib/rails/application.rb:144:in `call'
  rack (1.5.2) lib/rack/lock.rb:17:in `call'
  rack (1.5.2) lib/rack/content_length.rb:14:in `call'
  rack (1.5.2) lib/rack/handler/webrick.rb:60:in `service'
  D:/RailsInstaller/Ruby1.9.3/lib/ruby/1.9.1/webrick/httpserver.rb:138:in `service'
  D:/RailsInstaller/Ruby1.9.3/lib/ruby/1.9.1/webrick/httpserver.rb:94:in `run'
  D:/RailsInstaller/Ruby1.9.3/lib/ruby/1.9.1/webrick/server.rb:191:in `block in start_thread'


  Rendered D:/RailsInstaller/Ruby1.9.3/lib/ruby/gems/1.9.1/gems/actionpack-4.1.1/lib/action_dispatch/middleware/templates/rescues/_trace.html.erb (2.0ms)
  Rendered D:/RailsInstaller/Ruby1.9.3/lib/ruby/gems/1.9.1/gems/actionpack-4.1.1/lib/action_dispatch/middleware/templates/routes/_table.html.erb (1.0ms)
  Rendered D:/RailsInstaller/Ruby1.9.3/lib/ruby/gems/1.9.1/gems/actionpack-4.1.1/lib/action_dispatch/middleware/templates/rescues/routing_error.html.erb within rescues/layout (35.0ms)


Started GET "/help" for 127.0.0.1 at 2014-09-29 14:02:21 +0100

ActionController::RoutingError (No route matches [GET] "/help"):
  actionpack (4.1.1) lib/action_dispatch/middleware/debug_exceptions.rb:21:in `call'
  actionpack (4.1.1) lib/action_dispatch/middleware/show_exceptions.rb:30:in `call'
  railties (4.1.1) lib/rails/rack/logger.rb:38:in `call_app'
  railties (4.1.1) lib/rails/rack/logger.rb:20:in `block in call'
  activesupport (4.1.1) lib/active_support/tagged_logging.rb:68:in `block in tagged'
  activesupport (4.1.1) lib/active_support/tagged_logging.rb:26:in `tagged'
  activesupport (4.1.1) lib/active_support/tagged_logging.rb:68:in `tagged'
  railties (4.1.1) lib/rails/rack/logger.rb:20:in `call'
  actionpack (4.1.1) lib/action_dispatch/middleware/request_id.rb:21:in `call'
  rack (1.5.2) lib/rack/methodoverride.rb:21:in `call'
  rack (1.5.2) lib/rack/runtime.rb:17:in `call'
  activesupport (4.1.1) lib/active_support/cache/strategy/local_cache_middleware.rb:26:in `call'
  rack (1.5.2) lib/rack/lock.rb:17:in `call'
  actionpack (4.1.1) lib/action_dispatch/middleware/static.rb:64:in `call'
  rack (1.5.2) lib/rack/sendfile.rb:112:in `call'
  railties (4.1.1) lib/rails/engine.rb:514:in `call'
  railties (4.1.1) lib/rails/application.rb:144:in `call'
  rack (1.5.2) lib/rack/lock.rb:17:in `call'
  rack (1.5.2) lib/rack/content_length.rb:14:in `call'
  rack (1.5.2) lib/rack/handler/webrick.rb:60:in `service'
  D:/RailsInstaller/Ruby1.9.3/lib/ruby/1.9.1/webrick/httpserver.rb:138:in `service'
  D:/RailsInstaller/Ruby1.9.3/lib/ruby/1.9.1/webrick/httpserver.rb:94:in `run'
  D:/RailsInstaller/Ruby1.9.3/lib/ruby/1.9.1/webrick/server.rb:191:in `block in start_thread'


  Rendered D:/RailsInstaller/Ruby1.9.3/lib/ruby/gems/1.9.1/gems/actionpack-4.1.1/lib/action_dispatch/middleware/templates/rescues/_trace.html.erb (2.0ms)
  Rendered D:/RailsInstaller/Ruby1.9.3/lib/ruby/gems/1.9.1/gems/actionpack-4.1.1/lib/action_dispatch/middleware/templates/routes/_route.html.erb (2.0ms)
  Rendered D:/RailsInstaller/Ruby1.9.3/lib/ruby/gems/1.9.1/gems/actionpack-4.1.1/lib/action_dispatch/middleware/templates/routes/_table.html.erb (2.0ms)
  Rendered D:/RailsInstaller/Ruby1.9.3/lib/ruby/gems/1.9.1/gems/actionpack-4.1.1/lib/action_dispatch/middleware/templates/rescues/routing_error.html.erb within rescues/layout (69.0ms)


Started GET "/%20/static_pages/home" for 127.0.0.1 at 2014-09-29 14:02:30 +0100

ActionController::RoutingError (No route matches [GET] "/%20/static_pages/home"):
  actionpack (4.1.1) lib/action_dispatch/middleware/debug_exceptions.rb:21:in `call'
  actionpack (4.1.1) lib/action_dispatch/middleware/show_exceptions.rb:30:in `call'
  railties (4.1.1) lib/rails/rack/logger.rb:38:in `call_app'
  railties (4.1.1) lib/rails/rack/logger.rb:20:in `block in call'
  activesupport (4.1.1) lib/active_support/tagged_logging.rb:68:in `block in tagged'
  activesupport (4.1.1) lib/active_support/tagged_logging.rb:26:in `tagged'
  activesupport (4.1.1) lib/active_support/tagged_logging.rb:68:in `tagged'
  railties (4.1.1) lib/rails/rack/logger.rb:20:in `call'
  actionpack (4.1.1) lib/action_dispatch/middleware/request_id.rb:21:in `call'
  rack (1.5.2) lib/rack/methodoverride.rb:21:in `call'
  rack (1.5.2) lib/rack/runtime.rb:17:in `call'
  activesupport (4.1.1) lib/active_support/cache/strategy/local_cache_middleware.rb:26:in `call'
  rack (1.5.2) lib/rack/lock.rb:17:in `call'
  actionpack (4.1.1) lib/action_dispatch/middleware/static.rb:64:in `call'
  rack (1.5.2) lib/rack/sendfile.rb:112:in `call'
  railties (4.1.1) lib/rails/engine.rb:514:in `call'
  railties (4.1.1) lib/rails/application.rb:144:in `call'
  rack (1.5.2) lib/rack/lock.rb:17:in `call'
  rack (1.5.2) lib/rack/content_length.rb:14:in `call'
  rack (1.5.2) lib/rack/handler/webrick.rb:60:in `service'
  D:/RailsInstaller/Ruby1.9.3/lib/ruby/1.9.1/webrick/httpserver.rb:138:in `service'
  D:/RailsInstaller/Ruby1.9.3/lib/ruby/1.9.1/webrick/httpserver.rb:94:in `run'
  D:/RailsInstaller/Ruby1.9.3/lib/ruby/1.9.1/webrick/server.rb:191:in `block in start_thread'


  Rendered D:/RailsInstaller/Ruby1.9.3/lib/ruby/gems/1.9.1/gems/actionpack-4.1.1/lib/action_dispatch/middleware/templates/rescues/_trace.html.erb (1.0ms)
  Rendered D:/RailsInstaller/Ruby1.9.3/lib/ruby/gems/1.9.1/gems/actionpack-4.1.1/lib/action_dispatch/middleware/templates/routes/_route.html.erb (25.0ms)
  Rendered D:/RailsInstaller/Ruby1.9.3/lib/ruby/gems/1.9.1/gems/actionpack-4.1.1/lib/action_dispatch/middleware/templates/routes/_table.html.erb (2.0ms)
  Rendered D:/RailsInstaller/Ruby1.9.3/lib/ruby/gems/1.9.1/gems/actionpack-4.1.1/lib/action_dispatch/middleware/templates/rescues/routing_error.html.erb within rescues/layout (68.0ms)


Started GET "/static_pages/home" for 127.0.0.1 at 2014-09-29 14:02:34 +0100
Processing by StaticPagesController#home as HTML
  Rendered static_pages/home.html.erb within layouts/application (1.0ms)
Completed 200 OK in 2615ms (Views: 2566.3ms | ActiveRecord: 0.0ms)


Started GET "/assets/application.css?body=1" for 127.0.0.1 at 2014-09-29 14:02:37 +0100


Started GET "/assets/static_pages.css?body=1" for 127.0.0.1 at 2014-09-29 14:02:37 +0100


Started GET "/assets/jquery.js?body=1" for 127.0.0.1 at 2014-09-29 14:02:37 +0100


Started GET "/assets/jquery_ujs.js?body=1" for 127.0.0.1 at 2014-09-29 14:02:37 +0100


Started GET "/assets/turbolinks.js?body=1" for 127.0.0.1 at 2014-09-29 14:02:37 +0100


Started GET "/assets/static_pages.js?body=1" for 127.0.0.1 at 2014-09-29 14:02:37 +0100


Started GET "/assets/application.js?body=1" for 127.0.0.1 at 2014-09-29 14:02:37 +0100


Started GET "/static_pages/home" for 127.0.0.1 at 2014-09-29 16:40:21 +0100
Processing by StaticPagesController#home as HTML
  Rendered static_pages/home.html.erb within layouts/application (1.0ms)
Completed 200 OK in 269ms (Views: 267.0ms | ActiveRecord: 0.0ms)


Started GET "/assets/static_pages.css?body=1" for 127.0.0.1 at 2014-09-29 16:40:21 +0100


Started GET "/assets/application.css?body=1" for 127.0.0.1 at 2014-09-29 16:40:21 +0100


Started GET "/assets/jquery.js?body=1" for 127.0.0.1 at 2014-09-29 16:40:21 +0100


Started GET "/assets/turbolinks.js?body=1" for 127.0.0.1 at 2014-09-29 16:40:21 +0100


Started GET "/assets/jquery_ujs.js?body=1" for 127.0.0.1 at 2014-09-29 16:40:21 +0100


Started GET "/assets/static_pages.js?body=1" for 127.0.0.1 at 2014-09-29 16:40:21 +0100


Started GET "/assets/application.js?body=1" for 127.0.0.1 at 2014-09-29 16:40:21 +0100


Started GET "/static_pages/home" for 127.0.0.1 at 2014-09-29 16:40:34 +0100
Processing by StaticPagesController#home as HTML
  Rendered static_pages/home.html.erb within layouts/application (1.0ms)
Completed 200 OK in 82ms (Views: 80.0ms | ActiveRecord: 0.0ms)


Started GET "/assets/static_pages.css?body=1" for 127.0.0.1 at 2014-09-29 16:40:34 +0100


Started GET "/assets/application.css?body=1" for 127.0.0.1 at 2014-09-29 16:40:34 +0100


Started GET "/assets/jquery.js?body=1" for 127.0.0.1 at 2014-09-29 16:40:34 +0100


Started GET "/assets/jquery_ujs.js?body=1" for 127.0.0.1 at 2014-09-29 16:40:34 +0100


Started GET "/assets/turbolinks.js?body=1" for 127.0.0.1 at 2014-09-29 16:40:34 +0100


Started GET "/assets/static_pages.js?body=1" for 127.0.0.1 at 2014-09-29 16:40:34 +0100


Started GET "/assets/application.js?body=1" for 127.0.0.1 at 2014-09-29 16:40:34 +0100


Started GET "/static_pages/home" for 127.0.0.1 at 2014-09-29 16:41:29 +0100
Processing by StaticPagesController#home as HTML
  Rendered static_pages/home.html.erb within layouts/application (0.0ms)
Completed 200 OK in 69ms (Views: 68.0ms | ActiveRecord: 0.0ms)


Started GET "/assets/static_pages.css?body=1" for 127.0.0.1 at 2014-09-29 16:41:29 +0100


Started GET "/assets/application.css?body=1" for 127.0.0.1 at 2014-09-29 16:41:29 +0100


Started GET "/assets/jquery.js?body=1" for 127.0.0.1 at 2014-09-29 16:41:29 +0100


Started GET "/assets/jquery_ujs.js?body=1" for 127.0.0.1 at 2014-09-29 16:41:29 +0100


Started GET "/assets/turbolinks.js?body=1" for 127.0.0.1 at 2014-09-29 16:41:29 +0100


Started GET "/assets/static_pages.js?body=1" for 127.0.0.1 at 2014-09-29 16:41:29 +0100


Started GET "/assets/application.js?body=1" for 127.0.0.1 at 2014-09-29 16:41:29 +0100


Started GET "/static_pages/home" for 127.0.0.1 at 2014-09-29 16:41:34 +0100
Processing by StaticPagesController#home as HTML
  Rendered static_pages/home.html.erb within layouts/application (0.0ms)
Completed 200 OK in 69ms (Views: 67.0ms | ActiveRecord: 0.0ms)


Started GET "/static_pages/help" for 127.0.0.1 at 2014-09-29 16:41:38 +0100
Processing by StaticPagesController#help as HTML
  Rendered static_pages/help.html.erb within layouts/application (0.0ms)
Completed 200 OK in 74ms (Views: 73.1ms | ActiveRecord: 0.0ms)


Started GET "/static_pages/about" for 127.0.0.1 at 2014-09-29 16:44:11 +0100

ActionController::RoutingError (No route matches [GET] "/static_pages/about"):
  actionpack (4.1.1) lib/action_dispatch/middleware/debug_exceptions.rb:21:in `call'
  actionpack (4.1.1) lib/action_dispatch/middleware/show_exceptions.rb:30:in `call'
  railties (4.1.1) lib/rails/rack/logger.rb:38:in `call_app'
  railties (4.1.1) lib/rails/rack/logger.rb:20:in `block in call'
  activesupport (4.1.1) lib/active_support/tagged_logging.rb:68:in `block in tagged'
  activesupport (4.1.1) lib/active_support/tagged_logging.rb:26:in `tagged'
  activesupport (4.1.1) lib/active_support/tagged_logging.rb:68:in `tagged'
  railties (4.1.1) lib/rails/rack/logger.rb:20:in `call'
  actionpack (4.1.1) lib/action_dispatch/middleware/request_id.rb:21:in `call'
  rack (1.5.2) lib/rack/methodoverride.rb:21:in `call'
  rack (1.5.2) lib/rack/runtime.rb:17:in `call'
  activesupport (4.1.1) lib/active_support/cache/strategy/local_cache_middleware.rb:26:in `call'
  rack (1.5.2) lib/rack/lock.rb:17:in `call'
  actionpack (4.1.1) lib/action_dispatch/middleware/static.rb:64:in `call'
  rack (1.5.2) lib/rack/sendfile.rb:112:in `call'
  railties (4.1.1) lib/rails/engine.rb:514:in `call'
  railties (4.1.1) lib/rails/application.rb:144:in `call'
  rack (1.5.2) lib/rack/lock.rb:17:in `call'
  rack (1.5.2) lib/rack/content_length.rb:14:in `call'
  rack (1.5.2) lib/rack/handler/webrick.rb:60:in `service'
  D:/RailsInstaller/Ruby1.9.3/lib/ruby/1.9.1/webrick/httpserver.rb:138:in `service'
  D:/RailsInstaller/Ruby1.9.3/lib/ruby/1.9.1/webrick/httpserver.rb:94:in `run'
  D:/RailsInstaller/Ruby1.9.3/lib/ruby/1.9.1/webrick/server.rb:191:in `block in start_thread'


  Rendered D:/RailsInstaller/Ruby1.9.3/lib/ruby/gems/1.9.1/gems/actionpack-4.1.1/lib/action_dispatch/middleware/templates/rescues/_trace.html.erb (4.0ms)
  Rendered D:/RailsInstaller/Ruby1.9.3/lib/ruby/gems/1.9.1/gems/actionpack-4.1.1/lib/action_dispatch/middleware/templates/routes/_route.html.erb (2.0ms)
  Rendered D:/RailsInstaller/Ruby1.9.3/lib/ruby/gems/1.9.1/gems/actionpack-4.1.1/lib/action_dispatch/middleware/templates/routes/_table.html.erb (4.0ms)
  Rendered D:/RailsInstaller/Ruby1.9.3/lib/ruby/gems/1.9.1/gems/actionpack-4.1.1/lib/action_dispatch/middleware/templates/rescues/routing_error.html.erb within rescues/layout (257.1ms)


Started GET "/static_pages/about" for 127.0.0.1 at 2014-09-29 16:45:34 +0100

AbstractController::ActionNotFound (The action 'about' could not be found for StaticPagesController):
  actionpack (4.1.1) lib/abstract_controller/base.rb:131:in `process'
  actionview (4.1.1) lib/action_view/rendering.rb:30:in `process'
  actionpack (4.1.1) lib/action_controller/metal.rb:195:in `dispatch'
  actionpack (4.1.1) lib/action_controller/metal/rack_delegation.rb:13:in `dispatch'
  actionpack (4.1.1) lib/action_controller/metal.rb:231:in `block in action'
  actionpack (4.1.1) lib/action_dispatch/routing/route_set.rb:80:in `call'
  actionpack (4.1.1) lib/action_dispatch/routing/route_set.rb:80:in `dispatch'
  actionpack (4.1.1) lib/action_dispatch/routing/route_set.rb:48:in `call'
  actionpack (4.1.1) lib/action_dispatch/journey/router.rb:71:in `block in call'
  actionpack (4.1.1) lib/action_dispatch/journey/router.rb:59:in `each'
  actionpack (4.1.1) lib/action_dispatch/journey/router.rb:59:in `call'
  actionpack (4.1.1) lib/action_dispatch/routing/route_set.rb:676:in `call'
  rack (1.5.2) lib/rack/etag.rb:23:in `call'
  rack (1.5.2) lib/rack/conditionalget.rb:25:in `call'
  rack (1.5.2) lib/rack/head.rb:11:in `call'
  actionpack (4.1.1) lib/action_dispatch/middleware/params_parser.rb:27:in `call'
  actionpack (4.1.1) lib/action_dispatch/middleware/flash.rb:254:in `call'
  rack (1.5.2) lib/rack/session/abstract/id.rb:225:in `context'
  rack (1.5.2) lib/rack/session/abstract/id.rb:220:in `call'
  actionpack (4.1.1) lib/action_dispatch/middleware/cookies.rb:560:in `call'
  activerecord (4.1.1) lib/active_record/query_cache.rb:36:in `call'
  activerecord (4.1.1) lib/active_record/connection_adapters/abstract/connection_pool.rb:621:in `call'
  activerecord (4.1.1) lib/active_record/migration.rb:380:in `call'
  actionpack (4.1.1) lib/action_dispatch/middleware/callbacks.rb:29:in `block in call'
  activesupport (4.1.1) lib/active_support/callbacks.rb:82:in `run_callbacks'
  actionpack (4.1.1) lib/action_dispatch/middleware/callbacks.rb:27:in `call'
  actionpack (4.1.1) lib/action_dispatch/middleware/reloader.rb:73:in `call'
  actionpack (4.1.1) lib/action_dispatch/middleware/remote_ip.rb:76:in `call'
  actionpack (4.1.1) lib/action_dispatch/middleware/debug_exceptions.rb:17:in `call'
  actionpack (4.1.1) lib/action_dispatch/middleware/show_exceptions.rb:30:in `call'
  railties (4.1.1) lib/rails/rack/logger.rb:38:in `call_app'
  railties (4.1.1) lib/rails/rack/logger.rb:20:in `block in call'
  activesupport (4.1.1) lib/active_support/tagged_logging.rb:68:in `block in tagged'
  activesupport (4.1.1) lib/active_support/tagged_logging.rb:26:in `tagged'
  activesupport (4.1.1) lib/active_support/tagged_logging.rb:68:in `tagged'
  railties (4.1.1) lib/rails/rack/logger.rb:20:in `call'
  actionpack (4.1.1) lib/action_dispatch/middleware/request_id.rb:21:in `call'
  rack (1.5.2) lib/rack/methodoverride.rb:21:in `call'
  rack (1.5.2) lib/rack/runtime.rb:17:in `call'
  activesupport (4.1.1) lib/active_support/cache/strategy/local_cache_middleware.rb:26:in `call'
  rack (1.5.2) lib/rack/lock.rb:17:in `call'
  actionpack (4.1.1) lib/action_dispatch/middleware/static.rb:64:in `call'
  rack (1.5.2) lib/rack/sendfile.rb:112:in `call'
  railties (4.1.1) lib/rails/engine.rb:514:in `call'
  railties (4.1.1) lib/rails/application.rb:144:in `call'
  rack (1.5.2) lib/rack/lock.rb:17:in `call'
  rack (1.5.2) lib/rack/content_length.rb:14:in `call'
  rack (1.5.2) lib/rack/handler/webrick.rb:60:in `service'
  D:/RailsInstaller/Ruby1.9.3/lib/ruby/1.9.1/webrick/httpserver.rb:138:in `service'
  D:/RailsInstaller/Ruby1.9.3/lib/ruby/1.9.1/webrick/httpserver.rb:94:in `run'
  D:/RailsInstaller/Ruby1.9.3/lib/ruby/1.9.1/webrick/server.rb:191:in `block in start_thread'


  Rendered D:/RailsInstaller/Ruby1.9.3/lib/ruby/gems/1.9.1/gems/actionpack-4.1.1/lib/action_dispatch/middleware/templates/rescues/unknown_action.html.erb within rescues/layout (2.0ms)


Started GET "/static_pages/about" for 127.0.0.1 at 2014-09-29 16:48:27 +0100
Processing by StaticPagesController#about as HTML
Completed 500 Internal Server Error in 5ms

ActionView::MissingTemplate (Missing template static_pages/about, application/about with {:locale=>[:en], :formats=>[:html], :variants=>[], :handlers=>[:erb, :builder, :raw, :ruby, :jbuilder, :coffee]}. Searched in:
  * "C:/Users/Administrator/Desktop/mytwitter/app/views"
):
  actionview (4.1.1) lib/action_view/path_set.rb:46:in `find'
  actionview (4.1.1) lib/action_view/lookup_context.rb:124:in `find'
  D:in `find_template'
  actionview (4.1.1) lib/action_view/renderer/template_renderer.rb:41:in `determine_template'
  actionview (4.1.1) lib/action_view/renderer/template_renderer.rb:8:in `render'
  actionview (4.1.1) lib/action_view/renderer/renderer.rb:42:in `render_template'
  actionview (4.1.1) lib/action_view/renderer/renderer.rb:23:in `render'
  actionview (4.1.1) lib/action_view/rendering.rb:99:in `_render_template'
  actionpack (4.1.1) lib/action_controller/metal/streaming.rb:217:in `_render_template'
  actionview (4.1.1) lib/action_view/rendering.rb:82:in `render_to_body'
  actionpack (4.1.1) lib/action_controller/metal/rendering.rb:32:in `render_to_body'
  actionpack (4.1.1) lib/action_controller/metal/renderers.rb:32:in `render_to_body'
  actionpack (4.1.1) lib/abstract_controller/rendering.rb:25:in `render'
  actionpack (4.1.1) lib/action_controller/metal/rendering.rb:16:in `render'
  actionpack (4.1.1) lib/action_controller/metal/instrumentation.rb:41:in `block (2 levels) in render'
  activesupport (4.1.1) lib/active_support/core_ext/benchmark.rb:12:in `block in ms'
  D:/RailsInstaller/Ruby1.9.3/lib/ruby/1.9.1/benchmark.rb:295:in `realtime'
  activesupport (4.1.1) lib/active_support/core_ext/benchmark.rb:12:in `ms'
  actionpack (4.1.1) lib/action_controller/metal/instrumentation.rb:41:in `block in render'
  actionpack (4.1.1) lib/action_controller/metal/instrumentation.rb:84:in `cleanup_view_runtime'
  activerecord (4.1.1) lib/active_record/railties/controller_runtime.rb:25:in `cleanup_view_runtime'
  actionpack (4.1.1) lib/action_controller/metal/instrumentation.rb:40:in `render'
  actionpack (4.1.1) lib/action_controller/metal/implicit_render.rb:10:in `default_render'
  actionpack (4.1.1) lib/action_controller/metal/implicit_render.rb:5:in `send_action'
  actionpack (4.1.1) lib/abstract_controller/base.rb:189:in `process_action'
  actionpack (4.1.1) lib/action_controller/metal/rendering.rb:10:in `process_action'
  actionpack (4.1.1) lib/abstract_controller/callbacks.rb:20:in `block in process_action'
  activesupport (4.1.1) lib/active_support/callbacks.rb:113:in `call'
  activesupport (4.1.1) lib/active_support/callbacks.rb:113:in `call'
  activesupport (4.1.1) lib/active_support/callbacks.rb:229:in `block in halting'
  activesupport (4.1.1) lib/active_support/callbacks.rb:229:in `call'
  activesupport (4.1.1) lib/active_support/callbacks.rb:229:in `block in halting'
  activesupport (4.1.1) lib/active_support/callbacks.rb:166:in `call'
  activesupport (4.1.1) lib/active_support/callbacks.rb:166:in `block in halting'
  activesupport (4.1.1) lib/active_support/callbacks.rb:166:in `call'
  activesupport (4.1.1) lib/active_support/callbacks.rb:166:in `block in halting'
  activesupport (4.1.1) lib/active_support/callbacks.rb:166:in `call'
  activesupport (4.1.1) lib/active_support/callbacks.rb:166:in `block in halting'
  activesupport (4.1.1) lib/active_support/callbacks.rb:86:in `call'
  activesupport (4.1.1) lib/active_support/callbacks.rb:86:in `run_callbacks'
  actionpack (4.1.1) lib/abstract_controller/callbacks.rb:19:in `process_action'
  actionpack (4.1.1) lib/action_controller/metal/rescue.rb:29:in `process_action'
  actionpack (4.1.1) lib/action_controller/metal/instrumentation.rb:31:in `block in process_action'
  activesupport (4.1.1) lib/active_support/notifications.rb:159:in `block in instrument'
  activesupport (4.1.1) lib/active_support/notifications/instrumenter.rb:20:in `instrument'
  activesupport (4.1.1) lib/active_support/notifications.rb:159:in `instrument'
  actionpack (4.1.1) lib/action_controller/metal/instrumentation.rb:30:in `process_action'
  actionpack (4.1.1) lib/action_controller/metal/params_wrapper.rb:250:in `process_action'
  activerecord (4.1.1) lib/active_record/railties/controller_runtime.rb:18:in `process_action'
  actionpack (4.1.1) lib/abstract_controller/base.rb:136:in `process'
  actionview (4.1.1) lib/action_view/rendering.rb:30:in `process'
  actionpack (4.1.1) lib/action_controller/metal.rb:195:in `dispatch'
  actionpack (4.1.1) lib/action_controller/metal/rack_delegation.rb:13:in `dispatch'
  actionpack (4.1.1) lib/action_controller/metal.rb:231:in `block in action'
  actionpack (4.1.1) lib/action_dispatch/routing/route_set.rb:80:in `call'
  actionpack (4.1.1) lib/action_dispatch/routing/route_set.rb:80:in `dispatch'
  actionpack (4.1.1) lib/action_dispatch/routing/route_set.rb:48:in `call'
  actionpack (4.1.1) lib/action_dispatch/journey/router.rb:71:in `block in call'
  actionpack (4.1.1) lib/action_dispatch/journey/router.rb:59:in `each'
  actionpack (4.1.1) lib/action_dispatch/journey/router.rb:59:in `call'
  actionpack (4.1.1) lib/action_dispatch/routing/route_set.rb:676:in `call'
  rack (1.5.2) lib/rack/etag.rb:23:in `call'
  rack (1.5.2) lib/rack/conditionalget.rb:25:in `call'
  rack (1.5.2) lib/rack/head.rb:11:in `call'
  actionpack (4.1.1) lib/action_dispatch/middleware/params_parser.rb:27:in `call'
  actionpack (4.1.1) lib/action_dispatch/middleware/flash.rb:254:in `call'
  rack (1.5.2) lib/rack/session/abstract/id.rb:225:in `context'
  rack (1.5.2) lib/rack/session/abstract/id.rb:220:in `call'
  actionpack (4.1.1) lib/action_dispatch/middleware/cookies.rb:560:in `call'
  activerecord (4.1.1) lib/active_record/query_cache.rb:36:in `call'
  activerecord (4.1.1) lib/active_record/connection_adapters/abstract/connection_pool.rb:621:in `call'
  activerecord (4.1.1) lib/active_record/migration.rb:380:in `call'
  actionpack (4.1.1) lib/action_dispatch/middleware/callbacks.rb:29:in `block in call'
  activesupport (4.1.1) lib/active_support/callbacks.rb:82:in `run_callbacks'
  actionpack (4.1.1) lib/action_dispatch/middleware/callbacks.rb:27:in `call'
  actionpack (4.1.1) lib/action_dispatch/middleware/reloader.rb:73:in `call'
  actionpack (4.1.1) lib/action_dispatch/middleware/remote_ip.rb:76:in `call'
  actionpack (4.1.1) lib/action_dispatch/middleware/debug_exceptions.rb:17:in `call'
  actionpack (4.1.1) lib/action_dispatch/middleware/show_exceptions.rb:30:in `call'
  railties (4.1.1) lib/rails/rack/logger.rb:38:in `call_app'
  railties (4.1.1) lib/rails/rack/logger.rb:20:in `block in call'
  activesupport (4.1.1) lib/active_support/tagged_logging.rb:68:in `block in tagged'
  activesupport (4.1.1) lib/active_support/tagged_logging.rb:26:in `tagged'
  activesupport (4.1.1) lib/active_support/tagged_logging.rb:68:in `tagged'
  railties (4.1.1) lib/rails/rack/logger.rb:20:in `call'
  actionpack (4.1.1) lib/action_dispatch/middleware/request_id.rb:21:in `call'
  rack (1.5.2) lib/rack/methodoverride.rb:21:in `call'
  rack (1.5.2) lib/rack/runtime.rb:17:in `call'
  activesupport (4.1.1) lib/active_support/cache/strategy/local_cache_middleware.rb:26:in `call'
  rack (1.5.2) lib/rack/lock.rb:17:in `call'
  actionpack (4.1.1) lib/action_dispatch/middleware/static.rb:64:in `call'
  rack (1.5.2) lib/rack/sendfile.rb:112:in `call'
  railties (4.1.1) lib/rails/engine.rb:514:in `call'
  railties (4.1.1) lib/rails/application.rb:144:in `call'
  rack (1.5.2) lib/rack/lock.rb:17:in `call'
  rack (1.5.2) lib/rack/content_length.rb:14:in `call'
  rack (1.5.2) lib/rack/handler/webrick.rb:60:in `service'
  D:/RailsInstaller/Ruby1.9.3/lib/ruby/1.9.1/webrick/httpserver.rb:138:in `service'
  D:/RailsInstaller/Ruby1.9.3/lib/ruby/1.9.1/webrick/httpserver.rb:94:in `run'
  D:/RailsInstaller/Ruby1.9.3/lib/ruby/1.9.1/webrick/server.rb:191:in `block in start_thread'


  Rendered D:/RailsInstaller/Ruby1.9.3/lib/ruby/gems/1.9.1/gems/actionpack-4.1.1/lib/action_dispatch/middleware/templates/rescues/missing_template.html.erb within rescues/layout (1.0ms)


Started GET "/static_pages/about" for 127.0.0.1 at 2014-09-29 20:39:40 +0100
Processing by StaticPagesController#about as HTML
  Rendered static_pages/about.html.erb within layouts/application (0.0ms)
Completed 200 OK in 142ms (Views: 142.0ms | ActiveRecord: 0.0ms)


Started GET "/assets/static_pages.css?body=1" for 127.0.0.1 at 2014-09-29 20:39:41 +0100


Started GET "/assets/application.css?body=1" for 127.0.0.1 at 2014-09-29 20:39:41 +0100


Started GET "/assets/jquery.js?body=1" for 127.0.0.1 at 2014-09-29 20:39:41 +0100


Started GET "/assets/jquery_ujs.js?body=1" for 127.0.0.1 at 2014-09-29 20:39:41 +0100


Started GET "/assets/turbolinks.js?body=1" for 127.0.0.1 at 2014-09-29 20:39:41 +0100


Started GET "/assets/static_pages.js?body=1" for 127.0.0.1 at 2014-09-29 20:39:41 +0100


Started GET "/assets/application.js?body=1" for 127.0.0.1 at 2014-09-29 20:39:41 +0100


Started GET "/" for 127.0.0.1 at 2014-10-17 21:33:22 +0100
Processing by Rails::WelcomeController#index as HTML
  Rendered D:/RailsInstaller/Ruby2.0.0/lib/ruby/gems/2.0.0/gems/railties-4.1.6/lib/rails/templates/rails/welcome/index.html.erb (4.0ms)
Completed 200 OK in 143ms (Views: 85.3ms | ActiveRecord: 0.0ms)


Started GET "/rails/info/properties" for 127.0.0.1 at 2014-10-17 21:33:27 +0100
Processing by Rails::InfoController#properties as */*
  Rendered D:/RailsInstaller/Ruby2.0.0/lib/ruby/gems/2.0.0/gems/railties-4.1.6/lib/rails/templates/rails/info/properties.html.erb (35.0ms)
Completed 200 OK in 187ms (Views: 63.0ms | ActiveRecord: 5.0ms)


Started GET "/" for 127.0.0.1 at 2014-10-17 22:08:55 +0100
Processing by Rails::WelcomeController#index as HTML
  Rendered D:/RailsInstaller/Ruby2.0.0/lib/ruby/gems/2.0.0/gems/railties-4.1.6/lib/rails/templates/rails/welcome/index.html.erb (0.0ms)
Completed 200 OK in 5ms (Views: 5.0ms | ActiveRecord: 0.0ms)


Started GET "/rails/info/properties" for 127.0.0.1 at 2014-10-17 22:26:53 +0100
Processing by Rails::InfoController#properties as */*
  Rendered D:/RailsInstaller/Ruby2.0.0/lib/ruby/gems/2.0.0/gems/railties-4.1.6/lib/rails/templates/rails/info/properties.html.erb (0.0ms)
Completed 200 OK in 68ms (Views: 64.0ms | ActiveRecord: 0.0ms)


Started GET "/" for 127.0.0.1 at 2014-10-17 22:40:16 +0100
Processing by Rails::WelcomeController#index as HTML
  Rendered D:/RailsInstaller/Ruby2.0.0/lib/ruby/gems/2.0.0/gems/railties-4.1.6/lib/rails/templates/rails/welcome/index.html.erb (0.0ms)
Completed 200 OK in 8ms (Views: 4.0ms | ActiveRecord: 0.0ms)


Started GET "/" for 127.0.0.1 at 2014-10-14 01:15:08 +0100
Processing by Rails::WelcomeController#index as HTML
  Rendered D:/RailsInstaller/Ruby2.0.0/lib/ruby/gems/2.0.0/gems/railties-4.1.6/lib/rails/templates/rails/welcome/index.html.erb (0.0ms)
Completed 200 OK in 8ms (Views: 4.0ms | ActiveRecord: 0.0ms)


Started GET "/about" for 127.0.0.1 at 2014-10-14 01:15:17 +0100

ActionController::RoutingError (No route matches [GET] "/about"):
  actionpack (4.1.6) lib/action_dispatch/middleware/debug_exceptions.rb:21:in `call'
  actionpack (4.1.6) lib/action_dispatch/middleware/show_exceptions.rb:30:in `call'
  railties (4.1.6) lib/rails/rack/logger.rb:38:in `call_app'
  railties (4.1.6) lib/rails/rack/logger.rb:20:in `block in call'
  activesupport (4.1.6) lib/active_support/tagged_logging.rb:68:in `block in tagged'
  activesupport (4.1.6) lib/active_support/tagged_logging.rb:26:in `tagged'
  activesupport (4.1.6) lib/active_support/tagged_logging.rb:68:in `tagged'
  railties (4.1.6) lib/rails/rack/logger.rb:20:in `call'
  actionpack (4.1.6) lib/action_dispatch/middleware/request_id.rb:21:in `call'
  rack (1.5.2) lib/rack/methodoverride.rb:21:in `call'
  rack (1.5.2) lib/rack/runtime.rb:17:in `call'
  activesupport (4.1.6) lib/active_support/cache/strategy/local_cache_middleware.rb:26:in `call'
  rack (1.5.2) lib/rack/lock.rb:17:in `call'
  actionpack (4.1.6) lib/action_dispatch/middleware/static.rb:64:in `call'
  rack (1.5.2) lib/rack/sendfile.rb:112:in `call'
  railties (4.1.6) lib/rails/engine.rb:514:in `call'
  railties (4.1.6) lib/rails/application.rb:144:in `call'
  rack (1.5.2) lib/rack/lock.rb:17:in `call'
  rack (1.5.2) lib/rack/content_length.rb:14:in `call'
  rack (1.5.2) lib/rack/handler/webrick.rb:60:in `service'
  D:/RailsInstaller/Ruby2.0.0/lib/ruby/2.0.0/webrick/httpserver.rb:138:in `service'
  D:/RailsInstaller/Ruby2.0.0/lib/ruby/2.0.0/webrick/httpserver.rb:94:in `run'
  D:/RailsInstaller/Ruby2.0.0/lib/ruby/2.0.0/webrick/server.rb:295:in `block in start_thread'


  Rendered D:/RailsInstaller/Ruby2.0.0/lib/ruby/gems/2.0.0/gems/actionpack-4.1.6/lib/action_dispatch/middleware/templates/rescues/_trace.html.erb (8.0ms)
  Rendered D:/RailsInstaller/Ruby2.0.0/lib/ruby/gems/2.0.0/gems/actionpack-4.1.6/lib/action_dispatch/middleware/templates/routes/_route.html.erb (8.0ms)
  Rendered D:/RailsInstaller/Ruby2.0.0/lib/ruby/gems/2.0.0/gems/actionpack-4.1.6/lib/action_dispatch/middleware/templates/routes/_table.html.erb (104.0ms)
  Rendered D:/RailsInstaller/Ruby2.0.0/lib/ruby/gems/2.0.0/gems/actionpack-4.1.6/lib/action_dispatch/middleware/templates/rescues/routing_error.html.erb within rescues/layout (268.0ms)


Started GET "/" for 127.0.0.1 at 2014-10-14 01:24:08 +0100
Processing by Rails::WelcomeController#index as HTML
  Rendered D:/RailsInstaller/Ruby2.0.0/lib/ruby/gems/2.0.0/gems/railties-4.1.6/lib/rails/templates/rails/welcome/index.html.erb (0.0ms)
Completed 200 OK in 4ms (Views: 4.0ms | ActiveRecord: 0.0ms)


Started GET "/about" for 127.0.0.1 at 2014-10-14 01:24:13 +0100

ActionController::RoutingError (No route matches [GET] "/about"):
  actionpack (4.1.6) lib/action_dispatch/middleware/debug_exceptions.rb:21:in `call'
  actionpack (4.1.6) lib/action_dispatch/middleware/show_exceptions.rb:30:in `call'
  railties (4.1.6) lib/rails/rack/logger.rb:38:in `call_app'
  railties (4.1.6) lib/rails/rack/logger.rb:20:in `block in call'
  activesupport (4.1.6) lib/active_support/tagged_logging.rb:68:in `block in tagged'
  activesupport (4.1.6) lib/active_support/tagged_logging.rb:26:in `tagged'
  activesupport (4.1.6) lib/active_support/tagged_logging.rb:68:in `tagged'
  railties (4.1.6) lib/rails/rack/logger.rb:20:in `call'
  actionpack (4.1.6) lib/action_dispatch/middleware/request_id.rb:21:in `call'
  rack (1.5.2) lib/rack/methodoverride.rb:21:in `call'
  rack (1.5.2) lib/rack/runtime.rb:17:in `call'
  activesupport (4.1.6) lib/active_support/cache/strategy/local_cache_middleware.rb:26:in `call'
  rack (1.5.2) lib/rack/lock.rb:17:in `call'
  actionpack (4.1.6) lib/action_dispatch/middleware/static.rb:64:in `call'
  rack (1.5.2) lib/rack/sendfile.rb:112:in `call'
  railties (4.1.6) lib/rails/engine.rb:514:in `call'
  railties (4.1.6) lib/rails/application.rb:144:in `call'
  rack (1.5.2) lib/rack/lock.rb:17:in `call'
  rack (1.5.2) lib/rack/content_length.rb:14:in `call'
  rack (1.5.2) lib/rack/handler/webrick.rb:60:in `service'
  D:/RailsInstaller/Ruby2.0.0/lib/ruby/2.0.0/webrick/httpserver.rb:138:in `service'
  D:/RailsInstaller/Ruby2.0.0/lib/ruby/2.0.0/webrick/httpserver.rb:94:in `run'
  D:/RailsInstaller/Ruby2.0.0/lib/ruby/2.0.0/webrick/server.rb:295:in `block in start_thread'


  Rendered D:/RailsInstaller/Ruby2.0.0/lib/ruby/gems/2.0.0/gems/actionpack-4.1.6/lib/action_dispatch/middleware/templates/rescues/_trace.html.erb (8.0ms)
  Rendered D:/RailsInstaller/Ruby2.0.0/lib/ruby/gems/2.0.0/gems/actionpack-4.1.6/lib/action_dispatch/middleware/templates/routes/_route.html.erb (4.0ms)
  Rendered D:/RailsInstaller/Ruby2.0.0/lib/ruby/gems/2.0.0/gems/actionpack-4.1.6/lib/action_dispatch/middleware/templates/routes/_table.html.erb (4.0ms)
  Rendered D:/RailsInstaller/Ruby2.0.0/lib/ruby/gems/2.0.0/gems/actionpack-4.1.6/lib/action_dispatch/middleware/templates/rescues/routing_error.html.erb within rescues/layout (160.0ms)


Started GET "/static_pages" for 127.0.0.1 at 2014-10-14 01:24:32 +0100

ActionController::RoutingError (No route matches [GET] "/static_pages"):
  actionpack (4.1.6) lib/action_dispatch/middleware/debug_exceptions.rb:21:in `call'
  actionpack (4.1.6) lib/action_dispatch/middleware/show_exceptions.rb:30:in `call'
  railties (4.1.6) lib/rails/rack/logger.rb:38:in `call_app'
  railties (4.1.6) lib/rails/rack/logger.rb:20:in `block in call'
  activesupport (4.1.6) lib/active_support/tagged_logging.rb:68:in `block in tagged'
  activesupport (4.1.6) lib/active_support/tagged_logging.rb:26:in `tagged'
  activesupport (4.1.6) lib/active_support/tagged_logging.rb:68:in `tagged'
  railties (4.1.6) lib/rails/rack/logger.rb:20:in `call'
  actionpack (4.1.6) lib/action_dispatch/middleware/request_id.rb:21:in `call'
  rack (1.5.2) lib/rack/methodoverride.rb:21:in `call'
  rack (1.5.2) lib/rack/runtime.rb:17:in `call'
  activesupport (4.1.6) lib/active_support/cache/strategy/local_cache_middleware.rb:26:in `call'
  rack (1.5.2) lib/rack/lock.rb:17:in `call'
  actionpack (4.1.6) lib/action_dispatch/middleware/static.rb:64:in `call'
  rack (1.5.2) lib/rack/sendfile.rb:112:in `call'
  railties (4.1.6) lib/rails/engine.rb:514:in `call'
  railties (4.1.6) lib/rails/application.rb:144:in `call'
  rack (1.5.2) lib/rack/lock.rb:17:in `call'
  rack (1.5.2) lib/rack/content_length.rb:14:in `call'
  rack (1.5.2) lib/rack/handler/webrick.rb:60:in `service'
  D:/RailsInstaller/Ruby2.0.0/lib/ruby/2.0.0/webrick/httpserver.rb:138:in `service'
  D:/RailsInstaller/Ruby2.0.0/lib/ruby/2.0.0/webrick/httpserver.rb:94:in `run'
  D:/RailsInstaller/Ruby2.0.0/lib/ruby/2.0.0/webrick/server.rb:295:in `block in start_thread'


  Rendered D:/RailsInstaller/Ruby2.0.0/lib/ruby/gems/2.0.0/gems/actionpack-4.1.6/lib/action_dispatch/middleware/templates/rescues/_trace.html.erb (8.0ms)
  Rendered D:/RailsInstaller/Ruby2.0.0/lib/ruby/gems/2.0.0/gems/actionpack-4.1.6/lib/action_dispatch/middleware/templates/routes/_route.html.erb (4.0ms)
  Rendered D:/RailsInstaller/Ruby2.0.0/lib/ruby/gems/2.0.0/gems/actionpack-4.1.6/lib/action_dispatch/middleware/templates/routes/_table.html.erb (8.0ms)
  Rendered D:/RailsInstaller/Ruby2.0.0/lib/ruby/gems/2.0.0/gems/actionpack-4.1.6/lib/action_dispatch/middleware/templates/rescues/routing_error.html.erb within rescues/layout (132.0ms)


Started GET "/static_pages/about" for 127.0.0.1 at 2014-10-14 01:24:38 +0100
Processing by StaticPagesController#about as HTML
  Rendered static_pages/about.html.erb within layouts/application (0.0ms)
Completed 200 OK in 2968ms (Views: 2968.5ms | ActiveRecord: 0.0ms)


Started GET "/assets/static_pages.css?body=1" for 127.0.0.1 at 2014-10-14 01:24:41 +0100


Started GET "/assets/application.css?body=1" for 127.0.0.1 at 2014-10-14 01:24:41 +0100


Started GET "/assets/jquery.js?body=1" for 127.0.0.1 at 2014-10-14 01:24:41 +0100


Started GET "/assets/jquery_ujs.js?body=1" for 127.0.0.1 at 2014-10-14 01:24:41 +0100


Started GET "/assets/turbolinks.js?body=1" for 127.0.0.1 at 2014-10-14 01:24:41 +0100


Started GET "/assets/static_pages.js?body=1" for 127.0.0.1 at 2014-10-14 01:24:41 +0100


Started GET "/assets/application.js?body=1" for 127.0.0.1 at 2014-10-14 01:24:41 +0100


Started GET "/about" for 127.0.0.1 at 2014-10-14 01:25:49 +0100

ActionController::RoutingError (No route matches [GET] "/about"):
  actionpack (4.1.6) lib/action_dispatch/middleware/debug_exceptions.rb:21:in `call'
  actionpack (4.1.6) lib/action_dispatch/middleware/show_exceptions.rb:30:in `call'
  railties (4.1.6) lib/rails/rack/logger.rb:38:in `call_app'
  railties (4.1.6) lib/rails/rack/logger.rb:20:in `block in call'
  activesupport (4.1.6) lib/active_support/tagged_logging.rb:68:in `block in tagged'
  activesupport (4.1.6) lib/active_support/tagged_logging.rb:26:in `tagged'
  activesupport (4.1.6) lib/active_support/tagged_logging.rb:68:in `tagged'
  railties (4.1.6) lib/rails/rack/logger.rb:20:in `call'
  actionpack (4.1.6) lib/action_dispatch/middleware/request_id.rb:21:in `call'
  rack (1.5.2) lib/rack/methodoverride.rb:21:in `call'
  rack (1.5.2) lib/rack/runtime.rb:17:in `call'
  activesupport (4.1.6) lib/active_support/cache/strategy/local_cache_middleware.rb:26:in `call'
  rack (1.5.2) lib/rack/lock.rb:17:in `call'
  actionpack (4.1.6) lib/action_dispatch/middleware/static.rb:64:in `call'
  rack (1.5.2) lib/rack/sendfile.rb:112:in `call'
  railties (4.1.6) lib/rails/engine.rb:514:in `call'
  railties (4.1.6) lib/rails/application.rb:144:in `call'
  rack (1.5.2) lib/rack/lock.rb:17:in `call'
  rack (1.5.2) lib/rack/content_length.rb:14:in `call'
  rack (1.5.2) lib/rack/handler/webrick.rb:60:in `service'
  D:/RailsInstaller/Ruby2.0.0/lib/ruby/2.0.0/webrick/httpserver.rb:138:in `service'
  D:/RailsInstaller/Ruby2.0.0/lib/ruby/2.0.0/webrick/httpserver.rb:94:in `run'
  D:/RailsInstaller/Ruby2.0.0/lib/ruby/2.0.0/webrick/server.rb:295:in `block in start_thread'


  Rendered D:/RailsInstaller/Ruby2.0.0/lib/ruby/gems/2.0.0/gems/actionpack-4.1.6/lib/action_dispatch/middleware/templates/rescues/_trace.html.erb (8.0ms)
  Rendered D:/RailsInstaller/Ruby2.0.0/lib/ruby/gems/2.0.0/gems/actionpack-4.1.6/lib/action_dispatch/middleware/templates/routes/_route.html.erb (4.0ms)
  Rendered D:/RailsInstaller/Ruby2.0.0/lib/ruby/gems/2.0.0/gems/actionpack-4.1.6/lib/action_dispatch/middleware/templates/routes/_table.html.erb (4.0ms)
  Rendered D:/RailsInstaller/Ruby2.0.0/lib/ruby/gems/2.0.0/gems/actionpack-4.1.6/lib/action_dispatch/middleware/templates/rescues/routing_error.html.erb within rescues/layout (148.0ms)


Started GET "/" for 127.0.0.1 at 2014-10-14 01:36:05 +0100
Processing by Rails::WelcomeController#index as HTML
  Rendered D:/RailsInstaller/Ruby2.0.0/lib/ruby/gems/2.0.0/gems/railties-4.1.6/lib/rails/templates/rails/welcome/index.html.erb (0.0ms)
Completed 200 OK in 0ms (Views: 0.0ms | ActiveRecord: 0.0ms)


Started GET "/" for 127.0.0.1 at 2014-10-09 01:33:18 +0100
Processing by Rails::WelcomeController#index as HTML
  Rendered D:/RailsInstaller/Ruby2.0.0/lib/ruby/gems/2.0.0/gems/railties-4.1.6/lib/rails/templates/rails/welcome/index.html.erb (0.0ms)
Completed 200 OK in 4ms (Views: 4.0ms | ActiveRecord: 0.0ms)


Started GET "/about" for 127.0.0.1 at 2014-10-09 01:33:24 +0100

ActionController::RoutingError (No route matches [GET] "/about"):
  actionpack (4.1.6) lib/action_dispatch/middleware/debug_exceptions.rb:21:in `call'
  actionpack (4.1.6) lib/action_dispatch/middleware/show_exceptions.rb:30:in `call'
  railties (4.1.6) lib/rails/rack/logger.rb:38:in `call_app'
  railties (4.1.6) lib/rails/rack/logger.rb:20:in `block in call'
  activesupport (4.1.6) lib/active_support/tagged_logging.rb:68:in `block in tagged'
  activesupport (4.1.6) lib/active_support/tagged_logging.rb:26:in `tagged'
  activesupport (4.1.6) lib/active_support/tagged_logging.rb:68:in `tagged'
  railties (4.1.6) lib/rails/rack/logger.rb:20:in `call'
  actionpack (4.1.6) lib/action_dispatch/middleware/request_id.rb:21:in `call'
  rack (1.5.2) lib/rack/methodoverride.rb:21:in `call'
  rack (1.5.2) lib/rack/runtime.rb:17:in `call'
  activesupport (4.1.6) lib/active_support/cache/strategy/local_cache_middleware.rb:26:in `call'
  rack (1.5.2) lib/rack/lock.rb:17:in `call'
  actionpack (4.1.6) lib/action_dispatch/middleware/static.rb:64:in `call'
  rack (1.5.2) lib/rack/sendfile.rb:112:in `call'
  railties (4.1.6) lib/rails/engine.rb:514:in `call'
  railties (4.1.6) lib/rails/application.rb:144:in `call'
  rack (1.5.2) lib/rack/lock.rb:17:in `call'
  rack (1.5.2) lib/rack/content_length.rb:14:in `call'
  rack (1.5.2) lib/rack/handler/webrick.rb:60:in `service'
  D:/RailsInstaller/Ruby2.0.0/lib/ruby/2.0.0/webrick/httpserver.rb:138:in `service'
  D:/RailsInstaller/Ruby2.0.0/lib/ruby/2.0.0/webrick/httpserver.rb:94:in `run'
  D:/RailsInstaller/Ruby2.0.0/lib/ruby/2.0.0/webrick/server.rb:295:in `block in start_thread'


  Rendered D:/RailsInstaller/Ruby2.0.0/lib/ruby/gems/2.0.0/gems/actionpack-4.1.6/lib/action_dispatch/middleware/templates/rescues/_trace.html.erb (2.0ms)
  Rendered D:/RailsInstaller/Ruby2.0.0/lib/ruby/gems/2.0.0/gems/actionpack-4.1.6/lib/action_dispatch/middleware/templates/routes/_route.html.erb (1.0ms)
  Rendered D:/RailsInstaller/Ruby2.0.0/lib/ruby/gems/2.0.0/gems/actionpack-4.1.6/lib/action_dispatch/middleware/templates/routes/_table.html.erb (1.0ms)
  Rendered D:/RailsInstaller/Ruby2.0.0/lib/ruby/gems/2.0.0/gems/actionpack-4.1.6/lib/action_dispatch/middleware/templates/rescues/routing_error.html.erb within rescues/layout (45.0ms)


Started GET "/static_pages/about" for 127.0.0.1 at 2014-10-09 01:33:35 +0100
Processing by StaticPagesController#about as HTML
  Rendered static_pages/about.html.erb within layouts/application (0.0ms)
Completed 200 OK in 138ms (Views: 137.0ms | ActiveRecord: 0.0ms)


Started GET "/assets/application.css?body=1" for 127.0.0.1 at 2014-10-09 01:33:35 +0100


Started GET "/assets/static_pages.css?body=1" for 127.0.0.1 at 2014-10-09 01:33:35 +0100


Started GET "/assets/jquery.js?body=1" for 127.0.0.1 at 2014-10-09 01:33:35 +0100


Started GET "/assets/jquery_ujs.js?body=1" for 127.0.0.1 at 2014-10-09 01:33:35 +0100


Started GET "/assets/turbolinks.js?body=1" for 127.0.0.1 at 2014-10-09 01:33:35 +0100


Started GET "/assets/static_pages.js?body=1" for 127.0.0.1 at 2014-10-09 01:33:35 +0100


Started GET "/assets/application.js?body=1" for 127.0.0.1 at 2014-10-09 01:33:35 +0100


Started GET "/" for 127.0.0.1 at 2014-10-09 01:41:06 +0100
Processing by Rails::WelcomeController#index as HTML
  Rendered D:/RailsInstaller/Ruby2.0.0/lib/ruby/gems/2.0.0/gems/railties-4.1.6/lib/rails/templates/rails/welcome/index.html.erb (0.0ms)
Completed 200 OK in 10ms (Views: 8.0ms | ActiveRecord: 0.0ms)


Started GET "/" for 127.0.0.1 at 2014-10-09 01:41:09 +0100
Processing by Rails::WelcomeController#index as HTML
  Rendered D:/RailsInstaller/Ruby2.0.0/lib/ruby/gems/2.0.0/gems/railties-4.1.6/lib/rails/templates/rails/welcome/index.html.erb (0.0ms)
Completed 200 OK in 3ms (Views: 2.0ms | ActiveRecord: 0.0ms)


Started GET "/" for 127.0.0.1 at 2014-10-09 01:41:16 +0100
Processing by Rails::WelcomeController#index as HTML
  Rendered D:/RailsInstaller/Ruby2.0.0/lib/ruby/gems/2.0.0/gems/railties-4.1.6/lib/rails/templates/rails/welcome/index.html.erb (0.0ms)
Completed 200 OK in 5ms (Views: 5.0ms | ActiveRecord: 0.0ms)


Started GET "/static_pages/home" for 127.0.0.1 at 2014-10-09 01:43:46 +0100
Processing by StaticPagesController#home as HTML
  Rendered static_pages/home.html.erb within layouts/application (0.0ms)
Completed 200 OK in 121ms (Views: 120.0ms | ActiveRecord: 0.0ms)


Started GET "/assets/static_pages.css?body=1" for 127.0.0.1 at 2014-10-09 01:43:46 +0100


Started GET "/assets/application.css?body=1" for 127.0.0.1 at 2014-10-09 01:43:46 +0100


Started GET "/assets/jquery.js?body=1" for 127.0.0.1 at 2014-10-09 01:43:46 +0100


Started GET "/assets/jquery_ujs.js?body=1" for 127.0.0.1 at 2014-10-09 01:43:46 +0100


Started GET "/assets/turbolinks.js?body=1" for 127.0.0.1 at 2014-10-09 01:43:46 +0100


Started GET "/assets/static_pages.js?body=1" for 127.0.0.1 at 2014-10-09 01:43:46 +0100


Started GET "/assets/application.js?body=1" for 127.0.0.1 at 2014-10-09 01:43:46 +0100


Started GET "/static_pages/help" for 127.0.0.1 at 2014-10-09 01:44:03 +0100
Processing by StaticPagesController#help as HTML
  Rendered static_pages/help.html.erb within layouts/application (1.0ms)
Completed 200 OK in 188ms (Views: 185.0ms | ActiveRecord: 0.0ms)


Started GET "/assets/application.css?body=1" for 127.0.0.1 at 2014-10-09 01:44:03 +0100


Started GET "/assets/jquery.js?body=1" for 127.0.0.1 at 2014-10-09 01:44:03 +0100


Started GET "/assets/static_pages.css?body=1" for 127.0.0.1 at 2014-10-09 01:44:03 +0100


Started GET "/assets/jquery_ujs.js?body=1" for 127.0.0.1 at 2014-10-09 01:44:03 +0100


Started GET "/assets/turbolinks.js?body=1" for 127.0.0.1 at 2014-10-09 01:44:03 +0100


Started GET "/assets/static_pages.js?body=1" for 127.0.0.1 at 2014-10-09 01:44:03 +0100


Started GET "/assets/application.js?body=1" for 127.0.0.1 at 2014-10-09 01:44:03 +0100


Started GET "/static_pages/about" for 127.0.0.1 at 2014-10-09 01:44:07 +0100
Processing by StaticPagesController#about as HTML
  Rendered static_pages/about.html.erb within layouts/application (0.0ms)
Completed 200 OK in 86ms (Views: 85.0ms | ActiveRecord: 0.0ms)


Started GET "/assets/static_pages.css?body=1" for 127.0.0.1 at 2014-10-09 01:44:07 +0100


Started GET "/assets/turbolinks.js?body=1" for 127.0.0.1 at 2014-10-09 01:44:07 +0100


Started GET "/assets/application.css?body=1" for 127.0.0.1 at 2014-10-09 01:44:07 +0100


Started GET "/assets/jquery.js?body=1" for 127.0.0.1 at 2014-10-09 01:44:07 +0100


Started GET "/assets/jquery_ujs.js?body=1" for 127.0.0.1 at 2014-10-09 01:44:07 +0100


Started GET "/assets/application.js?body=1" for 127.0.0.1 at 2014-10-09 01:44:07 +0100


Started GET "/assets/static_pages.js?body=1" for 127.0.0.1 at 2014-10-09 01:44:07 +0100


Started GET "/static_pages/home" for 127.0.0.1 at 2014-10-09 01:44:11 +0100
Processing by StaticPagesController#home as HTML
  Rendered static_pages/home.html.erb within layouts/application (0.0ms)
Completed 200 OK in 109ms (Views: 109.0ms | ActiveRecord: 0.0ms)


Started GET "/assets/static_pages.css?body=1" for 127.0.0.1 at 2014-10-09 01:44:11 +0100


Started GET "/assets/jquery.js?body=1" for 127.0.0.1 at 2014-10-09 01:44:11 +0100


Started GET "/assets/static_pages.js?body=1" for 127.0.0.1 at 2014-10-09 01:44:11 +0100


Started GET "/assets/turbolinks.js?body=1" for 127.0.0.1 at 2014-10-09 01:44:11 +0100


Started GET "/assets/jquery_ujs.js?body=1" for 127.0.0.1 at 2014-10-09 01:44:11 +0100


Started GET "/assets/application.css?body=1" for 127.0.0.1 at 2014-10-09 01:44:11 +0100


Started GET "/assets/application.js?body=1" for 127.0.0.1 at 2014-10-09 01:44:11 +0100


Started GET "/static_pages/home" for 127.0.0.1 at 2014-10-09 01:47:11 +0100
Processing by StaticPagesController#home as HTML
  Rendered static_pages/home.html.erb within layouts/application (1.0ms)
Completed 200 OK in 163ms (Views: 162.0ms | ActiveRecord: 0.0ms)


Started GET "/assets/static_pages.css?body=1" for 127.0.0.1 at 2014-10-09 01:47:11 +0100


Started GET "/assets/static_pages.js?body=1" for 127.0.0.1 at 2014-10-09 01:47:11 +0100


Started GET "/assets/turbolinks.js?body=1" for 127.0.0.1 at 2014-10-09 01:47:11 +0100


Started GET "/assets/jquery_ujs.js?body=1" for 127.0.0.1 at 2014-10-09 01:47:11 +0100


Started GET "/assets/jquery.js?body=1" for 127.0.0.1 at 2014-10-09 01:47:11 +0100


Started GET "/assets/application.css?body=1" for 127.0.0.1 at 2014-10-09 01:47:11 +0100


Started GET "/assets/application.js?body=1" for 127.0.0.1 at 2014-10-09 01:47:11 +0100


Started GET "/static_pages/about" for 127.0.0.1 at 2014-10-20 20:55:55 +0100
Processing by StaticPagesController#about as HTML
  Rendered static_pages/about.html.erb within layouts/application (1.0ms)
Completed 200 OK in 67ms (Views: 66.0ms | ActiveRecord: 0.0ms)


Started GET "/assets/static_pages.css?body=1" for 127.0.0.1 at 2014-10-20 20:55:55 +0100


Started GET "/assets/application.css?body=1" for 127.0.0.1 at 2014-10-20 20:55:55 +0100


Started GET "/assets/jquery.js?body=1" for 127.0.0.1 at 2014-10-20 20:55:55 +0100


Started GET "/assets/jquery_ujs.js?body=1" for 127.0.0.1 at 2014-10-20 20:55:55 +0100


Started GET "/assets/turbolinks.js?body=1" for 127.0.0.1 at 2014-10-20 20:55:55 +0100


Started GET "/assets/static_pages.js?body=1" for 127.0.0.1 at 2014-10-20 20:55:55 +0100


Started GET "/assets/application.js?body=1" for 127.0.0.1 at 2014-10-20 20:55:55 +0100


Started GET "/static_pages/about" for 127.0.0.1 at 2014-10-20 20:55:58 +0100
Processing by StaticPagesController#about as HTML
  Rendered static_pages/about.html.erb within layouts/application (0.0ms)
Completed 200 OK in 115ms (Views: 113.0ms | ActiveRecord: 0.0ms)


Started GET "/assets/static_pages.css?body=1" for 127.0.0.1 at 2014-10-20 20:55:58 +0100


Started GET "/assets/jquery.js?body=1" for 127.0.0.1 at 2014-10-20 20:55:58 +0100


Started GET "/assets/turbolinks.js?body=1" for 127.0.0.1 at 2014-10-20 20:55:58 +0100


Started GET "/assets/jquery_ujs.js?body=1" for 127.0.0.1 at 2014-10-20 20:55:58 +0100


Started GET "/assets/static_pages.js?body=1" for 127.0.0.1 at 2014-10-20 20:55:58 +0100


Started GET "/assets/application.css?body=1" for 127.0.0.1 at 2014-10-20 20:55:58 +0100


Started GET "/assets/application.js?body=1" for 127.0.0.1 at 2014-10-20 20:55:58 +0100


Started GET "/static_pages/help" for 127.0.0.1 at 2014-10-20 20:56:06 +0100
Processing by StaticPagesController#help as HTML
  Rendered static_pages/help.html.erb within layouts/application (1.0ms)
Completed 200 OK in 140ms (Views: 138.0ms | ActiveRecord: 0.0ms)


Started GET "/assets/application.css?body=1" for 127.0.0.1 at 2014-10-20 20:56:07 +0100


Started GET "/assets/jquery_ujs.js?body=1" for 127.0.0.1 at 2014-10-20 20:56:07 +0100


Started GET "/assets/static_pages.css?body=1" for 127.0.0.1 at 2014-10-20 20:56:07 +0100


Started GET "/assets/jquery.js?body=1" for 127.0.0.1 at 2014-10-20 20:56:07 +0100


Started GET "/assets/static_pages.js?body=1" for 127.0.0.1 at 2014-10-20 20:56:07 +0100


Started GET "/assets/turbolinks.js?body=1" for 127.0.0.1 at 2014-10-20 20:56:07 +0100


Started GET "/assets/application.js?body=1" for 127.0.0.1 at 2014-10-20 20:56:07 +0100


Started GET "/static_pages/help" for 127.0.0.1 at 2014-10-20 20:56:25 +0100
Processing by StaticPagesController#help as HTML
  Rendered static_pages/help.html.erb within layouts/application (1.0ms)
Completed 200 OK in 165ms (Views: 163.0ms | ActiveRecord: 0.0ms)


Started GET "/assets/static_pages.css?body=1" for 127.0.0.1 at 2014-10-20 20:56:25 +0100


Started GET "/assets/application.css?body=1" for 127.0.0.1 at 2014-10-20 20:56:25 +0100


Started GET "/assets/turbolinks.js?body=1" for 127.0.0.1 at 2014-10-20 20:56:25 +0100


Started GET "/assets/jquery_ujs.js?body=1" for 127.0.0.1 at 2014-10-20 20:56:25 +0100


Started GET "/assets/static_pages.js?body=1" for 127.0.0.1 at 2014-10-20 20:56:25 +0100


Started GET "/assets/jquery.js?body=1" for 127.0.0.1 at 2014-10-20 20:56:25 +0100


Started GET "/assets/application.js?body=1" for 127.0.0.1 at 2014-10-20 20:56:25 +0100


Started GET "/static_pages/help" for 127.0.0.1 at 2014-10-20 20:56:58 +0100
Processing by StaticPagesController#help as HTML
  Rendered static_pages/help.html.erb within layouts/application (1.0ms)
Completed 200 OK in 121ms (Views: 117.0ms | ActiveRecord: 0.0ms)


Started GET "/assets/static_pages.css?body=1" for 127.0.0.1 at 2014-10-20 20:56:58 +0100


Started GET "/assets/application.css?body=1" for 127.0.0.1 at 2014-10-20 20:56:58 +0100


Started GET "/assets/jquery.js?body=1" for 127.0.0.1 at 2014-10-20 20:56:58 +0100


Started GET "/assets/jquery_ujs.js?body=1" for 127.0.0.1 at 2014-10-20 20:56:58 +0100


Started GET "/assets/static_pages.js?body=1" for 127.0.0.1 at 2014-10-20 20:56:58 +0100


Started GET "/assets/turbolinks.js?body=1" for 127.0.0.1 at 2014-10-20 20:56:59 +0100


Started GET "/assets/application.js?body=1" for 127.0.0.1 at 2014-10-20 20:56:59 +0100


Started GET "/static_pages/help" for 127.0.0.1 at 2014-10-20 20:57:13 +0100
Processing by StaticPagesController#help as HTML
  Rendered static_pages/help.html.erb within layouts/application (1.0ms)
Completed 200 OK in 125ms (Views: 124.0ms | ActiveRecord: 0.0ms)


Started GET "/assets/turbolinks.js?body=1" for 127.0.0.1 at 2014-10-20 20:57:14 +0100


Started GET "/assets/static_pages.js?body=1" for 127.0.0.1 at 2014-10-20 20:57:14 +0100


Started GET "/assets/application.css?body=1" for 127.0.0.1 at 2014-10-20 20:57:14 +0100


Started GET "/assets/jquery_ujs.js?body=1" for 127.0.0.1 at 2014-10-20 20:57:14 +0100


Started GET "/assets/static_pages.css?body=1" for 127.0.0.1 at 2014-10-20 20:57:14 +0100


Started GET "/assets/jquery.js?body=1" for 127.0.0.1 at 2014-10-20 20:57:14 +0100


Started GET "/assets/application.js?body=1" for 127.0.0.1 at 2014-10-20 20:57:14 +0100


Started GET "/static_pages/about" for 127.0.0.1 at 2014-10-20 20:57:54 +0100
Processing by StaticPagesController#about as HTML
  Rendered static_pages/about.html.erb within layouts/application (1.0ms)
Completed 200 OK in 104ms (Views: 103.0ms | ActiveRecord: 0.0ms)


Started GET "/assets/application.css?body=1" for 127.0.0.1 at 2014-10-20 20:57:54 +0100


Started GET "/assets/static_pages.css?body=1" for 127.0.0.1 at 2014-10-20 20:57:54 +0100


Started GET "/assets/jquery.js?body=1" for 127.0.0.1 at 2014-10-20 20:57:54 +0100


Started GET "/assets/jquery_ujs.js?body=1" for 127.0.0.1 at 2014-10-20 20:57:54 +0100


Started GET "/assets/turbolinks.js?body=1" for 127.0.0.1 at 2014-10-20 20:57:54 +0100


Started GET "/assets/static_pages.js?body=1" for 127.0.0.1 at 2014-10-20 20:57:54 +0100


Started GET "/assets/application.js?body=1" for 127.0.0.1 at 2014-10-20 20:57:54 +0100


Started GET "/static_pages/help" for 127.0.0.1 at 2014-10-20 21:03:30 +0100
Processing by StaticPagesController#help as HTML
  Rendered static_pages/help.html.erb within layouts/application (0.0ms)
Completed 200 OK in 122ms (Views: 118.0ms | ActiveRecord: 0.0ms)


Started GET "/assets/static_pages.css?body=1" for 127.0.0.1 at 2014-10-20 21:03:31 +0100


Started GET "/assets/turbolinks.js?body=1" for 127.0.0.1 at 2014-10-20 21:03:31 +0100


Started GET "/assets/jquery.js?body=1" for 127.0.0.1 at 2014-10-20 21:03:31 +0100


Started GET "/assets/jquery_ujs.js?body=1" for 127.0.0.1 at 2014-10-20 21:03:31 +0100


Started GET "/assets/application.css?body=1" for 127.0.0.1 at 2014-10-20 21:03:31 +0100


Started GET "/assets/static_pages.js?body=1" for 127.0.0.1 at 2014-10-20 21:03:31 +0100


Started GET "/assets/application.js?body=1" for 127.0.0.1 at 2014-10-20 21:03:31 +0100


Started GET "/static_pages/help" for 127.0.0.1 at 2014-10-07 08:07:58 +0100
Processing by StaticPagesController#help as HTML
  Rendered static_pages/help.html.erb within layouts/application (0.0ms)
Completed 200 OK in 147ms (Views: 146.0ms | ActiveRecord: 0.0ms)


Started GET "/assets/jquery.js?body=1" for 127.0.0.1 at 2014-10-07 08:07:58 +0100


Started GET "/assets/turbolinks.js?body=1" for 127.0.0.1 at 2014-10-07 08:07:58 +0100


Started GET "/assets/jquery_ujs.js?body=1" for 127.0.0.1 at 2014-10-07 08:07:58 +0100


Started GET "/assets/application.css?body=1" for 127.0.0.1 at 2014-10-07 08:07:58 +0100


Started GET "/assets/static_pages.css?body=1" for 127.0.0.1 at 2014-10-07 08:07:58 +0100


Started GET "/assets/static_pages.js?body=1" for 127.0.0.1 at 2014-10-07 08:07:58 +0100


Started GET "/assets/application.js?body=1" for 127.0.0.1 at 2014-10-07 08:07:58 +0100


Started GET "/" for 127.0.0.1 at 2014-10-07 08:08:02 +0100
Processing by Rails::WelcomeController#index as HTML
  Rendered D:/RailsInstaller/Ruby2.0.0/lib/ruby/gems/2.0.0/gems/railties-4.1.6/lib/rails/templates/rails/welcome/index.html.erb (0.0ms)
Completed 200 OK in 7ms (Views: 7.0ms | ActiveRecord: 0.0ms)


Started GET "/help" for 127.0.0.1 at 2014-10-07 08:08:07 +0100

ActionController::RoutingError (No route matches [GET] "/help"):
  actionpack (4.1.6) lib/action_dispatch/middleware/debug_exceptions.rb:21:in `call'
  actionpack (4.1.6) lib/action_dispatch/middleware/show_exceptions.rb:30:in `call'
  railties (4.1.6) lib/rails/rack/logger.rb:38:in `call_app'
  railties (4.1.6) lib/rails/rack/logger.rb:20:in `block in call'
  activesupport (4.1.6) lib/active_support/tagged_logging.rb:68:in `block in tagged'
  activesupport (4.1.6) lib/active_support/tagged_logging.rb:26:in `tagged'
  activesupport (4.1.6) lib/active_support/tagged_logging.rb:68:in `tagged'
  railties (4.1.6) lib/rails/rack/logger.rb:20:in `call'
  actionpack (4.1.6) lib/action_dispatch/middleware/request_id.rb:21:in `call'
  rack (1.5.2) lib/rack/methodoverride.rb:21:in `call'
  rack (1.5.2) lib/rack/runtime.rb:17:in `call'
  activesupport (4.1.6) lib/active_support/cache/strategy/local_cache_middleware.rb:26:in `call'
  rack (1.5.2) lib/rack/lock.rb:17:in `call'
  actionpack (4.1.6) lib/action_dispatch/middleware/static.rb:64:in `call'
  rack (1.5.2) lib/rack/sendfile.rb:112:in `call'
  railties (4.1.6) lib/rails/engine.rb:514:in `call'
  railties (4.1.6) lib/rails/application.rb:144:in `call'
  rack (1.5.2) lib/rack/lock.rb:17:in `call'
  rack (1.5.2) lib/rack/content_length.rb:14:in `call'
  rack (1.5.2) lib/rack/handler/webrick.rb:60:in `service'
  D:/RailsInstaller/Ruby2.0.0/lib/ruby/2.0.0/webrick/httpserver.rb:138:in `service'
  D:/RailsInstaller/Ruby2.0.0/lib/ruby/2.0.0/webrick/httpserver.rb:94:in `run'
  D:/RailsInstaller/Ruby2.0.0/lib/ruby/2.0.0/webrick/server.rb:295:in `block in start_thread'


  Rendered D:/RailsInstaller/Ruby2.0.0/lib/ruby/gems/2.0.0/gems/actionpack-4.1.6/lib/action_dispatch/middleware/templates/rescues/_trace.html.erb (2.0ms)
  Rendered D:/RailsInstaller/Ruby2.0.0/lib/ruby/gems/2.0.0/gems/actionpack-4.1.6/lib/action_dispatch/middleware/templates/routes/_route.html.erb (1.0ms)
  Rendered D:/RailsInstaller/Ruby2.0.0/lib/ruby/gems/2.0.0/gems/actionpack-4.1.6/lib/action_dispatch/middleware/templates/routes/_table.html.erb (3.0ms)
  Rendered D:/RailsInstaller/Ruby2.0.0/lib/ruby/gems/2.0.0/gems/actionpack-4.1.6/lib/action_dispatch/middleware/templates/rescues/routing_error.html.erb within rescues/layout (75.0ms)
